c:\users\joseph\documents\arduino\rgb_neopixel\rgb_neopixel_desktop_gui\x64\debug\qrc_rgb_neopixel_desktop_gui.obj
c:\users\joseph\documents\arduino\rgb_neopixel\rgb_neopixel_desktop_gui\x64\debug\moc_rgb_neopixel_desktop_gui.obj
c:\users\joseph\documents\arduino\rgb_neopixel\rgb_neopixel_desktop_gui\x64\debug\main.obj
c:\users\joseph\documents\arduino\rgb_neopixel\rgb_neopixel_desktop_gui\.\generatedfiles\debug\moc_rgb_neopixel_desktop_gui.cpp
c:\users\joseph\documents\arduino\rgb_neopixel\rgb_neopixel_desktop_gui\.\generatedfiles\qrc_rgb_neopixel_desktop_gui.cpp
c:\users\joseph\documents\arduino\rgb_neopixel\rgb_neopixel_desktop_gui\generatedfiles\ui_rgb_neopixel_desktop_gui.h
c:\users\joseph\documents\arduino\rgb_neopixel\rgb_neopixel_desktop_gui\generatedfiles\qrc_rgb_neopixel_desktop_gui.cpp
c:\users\joseph\documents\arduino\rgb_neopixel\rgb_neopixel_desktop_gui\generatedfiles\debug\moc_rgb_neopixel_desktop_gui.cpp
c:\users\joseph\documents\arduino\rgb_neopixel\rgb_neopixel_desktop_gui\.\generatedfiles\ui_rgb_neopixel_desktop_gui.h
c:\users\joseph\documents\arduino\rgb_neopixel\rgb_neopixel_desktop_gui\x64\debug\vc141.pdb
c:\users\joseph\documents\arduino\rgb_neopixel\rgb_neopixel_desktop_gui\x64\debug\rgb_neop.9d8282c7.tlog\cl.12392.write.1.tlog
c:\users\joseph\documents\arduino\rgb_neopixel\rgb_neopixel_desktop_gui\x64\debug\rgb_neop.9d8282c7.tlog\cl.command.1.tlog
c:\users\joseph\documents\arduino\rgb_neopixel\rgb_neopixel_desktop_gui\x64\debug\rgb_neop.9d8282c7.tlog\cl.read.1.tlog
c:\users\joseph\documents\arduino\rgb_neopixel\rgb_neopixel_desktop_gui\x64\debug\rgb_neop.9d8282c7.tlog\moc.read.1u.tlog
c:\users\joseph\documents\arduino\rgb_neopixel\rgb_neopixel_desktop_gui\x64\debug\rgb_neop.9d8282c7.tlog\moc.write.1u.tlog
c:\users\joseph\documents\arduino\rgb_neopixel\rgb_neopixel_desktop_gui\x64\debug\rgb_neop.9d8282c7.tlog\rcc.read.1u.tlog
c:\users\joseph\documents\arduino\rgb_neopixel\rgb_neopixel_desktop_gui\x64\debug\rgb_neop.9d8282c7.tlog\rcc.write.1u.tlog
c:\users\joseph\documents\arduino\rgb_neopixel\rgb_neopixel_desktop_gui\x64\debug\rgb_neop.9d8282c7.tlog\rgb_neopixel_desktop_gui.write.1u.tlog
c:\users\joseph\documents\arduino\rgb_neopixel\rgb_neopixel_desktop_gui\x64\debug\rgb_neop.9d8282c7.tlog\uic.read.1u.tlog
c:\users\joseph\documents\arduino\rgb_neopixel\rgb_neopixel_desktop_gui\x64\debug\rgb_neop.9d8282c7.tlog\uic.write.1u.tlog
